<?xml version="1.0" encoding="UTF-8"?>
<!-- Generated by org.testng.reporters.JUnitXMLReporter -->
<testsuite ignored="0" hostname="LAPTOP-ODIK6SBS" failures="0" tests="4" name="Test4" time="13.83" errors="0" timestamp="05 Nov 2023 16:40:02 GMT">
  <testcase classname="tests.addToCartBookTest" name="hoverTheFirstBook" time="2.404"/>
  <testcase classname="tests.addToCartBookTest" name="addToCartBookTest" time="3.366"/>
  <testcase classname="tests.addToCartBookTest" name="visitCart" time="4.296"/>
  <testcase classname="tests.addToCartBookTest" name="placeTheOrder" time="3.66"/>
</testsuite> <!-- Test4 -->
