<?xml version="1.0" encoding="UTF-8"?>
<!-- Generated by org.testng.reporters.JUnitXMLReporter -->
<testsuite ignored="0" hostname="LAPTOP-ODIK6SBS" failures="0" tests="4" name="Test4" time="12.792" errors="0" timestamp="11 Nov 2023 04:22:04 GMT">
  <testcase classname="tests.addToCartBookTest" name="hoverTheFirstBook" time="2.454"/>
  <testcase classname="tests.addToCartBookTest" name="addToCartBookTest" time="3.36"/>
  <testcase classname="tests.addToCartBookTest" name="visitCart" time="3.965"/>
  <testcase classname="tests.addToCartBookTest" name="placeTheOrder" time="2.906"/>
</testsuite> <!-- Test4 -->
