<?xml version="1.0" encoding="UTF-8"?>
<!-- Generated by org.testng.reporters.JUnitXMLReporter -->
<testsuite ignored="0" hostname="LAPTOP-ODIK6SBS" failures="0" tests="4" name="Test3" time="32.108" errors="0" timestamp="11 Nov 2023 04:21:51 GMT">
  <testcase classname="tests.writerPageTest" name="writerPageTest" time="12.136"/>
  <testcase classname="tests.writerPageTest" name="selectCategory" time="14.4"/>
  <testcase classname="tests.writerPageTest" name="scrollingPage" time="2.23"/>
  <testcase classname="tests.writerPageTest" name="moveToNxtPage" time="3.26"/>
</testsuite> <!-- Test3 -->
